titisda/graph-python
VolodymyrSvintozelskyi/Fractal-Wanderer
aradosla/Simulations
LPC-HH/HH4b
johnalison/unsupervised4b
j8sr0230/codelink
denehoffman/PyKMCMC
NotsoJharedtrollOx17/Using_ML_for_Particle_Tracking_at_LHC
SridharaDasu/MuColCalHits
alisw/MachineLearningHEP
ewencedr/FastJet-LHCO
APN-Pucky/feynamp
elumixor/mtcp
andrew960/Tutorial
leonrenn/SATACO
oshadura/2023-07-24-coffea-casa
eic/epic-capybara
WendyNkosi/PHY3004W-LABS
APN-Pucky/ufo_draw
sigma-epsilon/sigmaepsilon.mesh
sigma-epsilon/sigmaepsilon.math
gordonwatts/joiner
hsf-training/hsf-training-scikit-hep-webpage
rjones30/gluex_moments_analysis
apwood-physics/flux-tool
iasonkrom/egamma-tnp
d-w-liu/personal-projects
UMN-CMS/SingleStopCoffea
UMDCMS/sipmanalyze
tamaraSlu/food-ordering-devOps
narest-qa/repo26
narest-qa/repo25
draghuram/top-quark-mass
mkotyushev/graphnet
marromlam/phis-scq2
janreising/astroCAST
delannoy/lastfm-explorer
mattbellis/hepfile
Graph-COM/StruRW
djanloo/DM2
Yusuf-Manjra/acts-tutorial
yimuchen/SiPMCalibControl
fresleven/DeepBeetle
JLTastet/SensMC
vcepaitis/Annotator_training
DIRACGrid/DIRACOS
pviscone/root2torch
occamssafetyrazor/deps
CommanderPho/Spike3D
pone-software/olympus
APN-Pucky/pyfeyn2
APN-Pucky/feynml
Ikergym/Hplus-gnn
JoranAngevaare/base_environment
pentaquarx/email-uploaded-files
lsowa/recoil_correction
gear8mike/Dockerfiles
brandonk15243/capstone_higgs
nkanima/root_exporter
star-bnl/star-sw
maxcli/rpirest
jlazar17/IceCube_Masterclass_MoonShadow
pombredanne/5000-deps
yorkiva/toptagger
edcuba/hgcal-pattern-reco
mindmeand/serverless-app
hyunsungKR/aws-posting-app
Yunwltn/aws-posting_server
dask-contrib/dask-awkward
djanloo/cmepda
LHCb-Cincinnati/LHE2ROOT
munozariasjm/vandy-ml-tagger
Yunwltn/aws_S3_upload_server
hyunsungKR/aws_s3_upload_server
hyunsungKR/aws_movie_app
Yunwltn/aws_movie_server
Yunwltn/aws_memo_server
hyunsungKR/aws_memo_app
Yunwltn/aws_recipe_server
hyunsungKR/aws_recipe_server
high-energy-physics-ml/DarkMatterML
ssedd1123/run-by-run
ULB-Metronu/georges
colizz/weaver-core-dev
UHH2/JetMass
zonioi/IT_Academy
allixu/normalizing_flow_for_detector_response
LuisFelipeCoelho/ttHH4b_analysis_tools
Gregtom3/clas12_dihadrons
tcuisset/HgcalClue3DClusteringPlotting
vaustrup/WorkspaceExplorerBackend
ggvanseev/AliceJetAI
deoache/btagefficiency
fiorotto8/GASMON_P5
scverse/scirpy
villano-lab/nrCascadeSim
ssl-hep/science-images
yuliia-maidannyk/tth_labbook
joseph-crowley/coffea
edbennett/meson_analysis
spenam/dnn-energy-estimate
SlumberyDude/geant_results
WilliamHirst/MasterThesis
cristobalchavez21/master_thesis
chw1207/HDalitzEle
cgsavard/triton_multiuser_benchmarks
fspinna/plottime
MorganAskins/Doppleganger
SandersJack/NA62_CEDARH_Handbook
rubenforti/cmepda_assignment3
ruelasvh/plot-hh4b-analysis
pethotel-app/pethotel-serverless-app
SridharaDasu/CMS-HLLHC-Calo-TPGs
keaveney/UCT3rdYearLabATLASOpenData2023
pregenRobot/papdl
phinate/interpolation-with-flows
scikit-hep/awkward
deoache/wprime_plus_b
hyunsungKR/AWS_Rekognition
andrewpeck/me0sf
villano-lab/R76Analysis
danbarto/tamalero
fspinna/benchtime
pviscone/Vcb_ditopDecay
edenni/icecube
uttiyasarkar/root2py
SridharaDasu/UprootPyPlot
philippemiron/clouddrift
GianlucaFicarelli/awkward-pandas
FAST-HEP/fasthep-carpenter
msuriar/missile-tid
jannavischer/NuRadioMC
leonweber/nessie
veprbl/dask-awkward
wtfnukee/uproot5
Jean1995/NuRadioMC
saramartinellipy4sci/NuRadioMC
lobis/uproot5
milancurcic/clouddrift
Erenaz/NuRadioMC
arthuradriaens-code/NuRadioMC
douglasdavis/uproot5
selipot/clouddrift
agoose77/dask-awkward
Ananya1306/uproot-browser
mgttt/uproot5
sshyran/dask-awkward
tamasgal/uproot5
mroeschke/awkward-pandas
agoose77/uproot5
SamuelLarkin/nessie
douglasdavis/awkward-pandas
intake/awkward-pandas
Moelf/uproot5
denehoffman/splot
grburgess/NuRadioMC
UKPLab/nessie
rricesmith/NuRadioMC
virusfunk/uproot-browser
tzuhanchang/Pythium
terasakisatoshi/uproot-browser
amangoel185/uproot-browser
cOsprey/stackstac
leshanz/NuRadioMC
jaimenorman/JETSCAPE-analysis
PeterMJacobs/JETSCAPE-analysis
rmg55/stackstac
robintw/stackstac
morandiaye/stackstac
JamesOConnor/stackstac
MoAly98/Pythium
GAIMJKP/stackstac
scikit-hep/uproot-browser
g2giovanni/stackstac
pixalytics-ltd/stackstac
ashiquebiniqbal/stackstac
matthewhanson/stackstac
Amit2016-17/stackstac
sfrias/stackstac
scottyhq/stackstac
RichardScottOZ/stackstac
kylebarron/stackstac
jmorton-usgs/stackstac
raymondEhlers/JETSCAPE-analysis
scikit-hep/uproot5
jmccartin/missile-tid
amitkr2410/JETSCAPE-analysis
rtesse/georges-core
Steffimro/IntMasterclassWomenScience
pone-software/ananke
MarcoValente/nn-reweighter
baler-collaboration/baler
HEP-KBFI/ml-tau-reco
phinate/redoing-neos
oXyut/particlenet-toptagging
ssl-hep/ServiceX_Uproot_Transformer
agoose77/uob-tpc-colloqium-2022
Cloud-Drift/clouddrift
nantes-m2-rps-exp/qqbar2mumu-2022
python-graphblas/python-graphblas
r08222011/QML_CMSSW_2015MiniAOD
gregoryfdel/Root-Convert
davo417/python_containers
ssl-hep/ServiceX_xAOD_CPP_transformer
JoranAngevaare/RP2023
JanuszTwardak/atlas-forward-proton-anomaly-detector
zamurda/dune_classification
tylerni7/missile-tid
fspinna/datatime
bastianatte/VertexRecover
SmallForestk/CNN_fromh5
valsdav/MEMFlow
wouterwln/NeuralFactorTrees
WilliamKorcari/fgsim
ULB-Metronu/georges-core
ssl-hep/ServiceX_transformer
LBLmu2e/KKTrain
rkansal47/HHbbVV
cms-l1-dpg/Phase2-L1MenuTools
kfiramar/baldar
eic/containers
CIEMAT-Neutrino/SCINT
pone-software/apollo
Phylex/Datenraffinerie
jansam123/JIDENN
lobis/drift-velocity-measurements
kaechb/JetNetNF
panda-luminosity-detector-group/LuminosityFit
GermanMT/5000_most_downloaded_pypi
farakiko/xai4hep
boostedsvj/svj_ntuple_processing
MatthewDKnight/ResonantGGTT
XENONnT/base_environment
Ming-Yan/ttbar_coffea
radiradev/generator_translation
brownd1978/KKTrain_1
dewloosh/PolyMesh
Helium6CRES/rocks_analysis_pipeline
richard-lane/k3pi
jnzhao3/Mu2e-Track-Analysis
AdrianoDee/ParallelProcessingHEP
ssl-hep/ServiceX
diamondIPP/HighResAnalysis
jkguiang/vbs
eyoo95/perform-server-aws
MycrofD/alice_Djets
open-physics/high-energy-physics
lnoehte/test_uproot_awkward_with_nanoAOD
douglasdavis/pyhep-2022-dask
rtesse/pyManzoni
cms-nanoAOD/correctionlib
AxisVM/pyaxisvm
jpivarski-talks/2022-09-12-pyhep22-awkward-combinatorics
amangoel185/pyhep-2022-histogramming-talk
Saransh-cpp/PyHEP22-Constructing-HEP-vectors-and-analyzing-HEP-data-using-Vector
dewloosh/dewloosh-mpl
andriiknu/RDF
qismib/QuaKe
mkidson/Uni-Code
soleti/ml_tutorial
btcardwell/SIDM
brettviren/unicic
FAIR4HEP/hbb_interaction_network
jpata/particleflow
qbuat/taunet
ob-trading/portable-es
deinal/jec-inference
deinal/jec-gnn
deinal/jec-pipeline
cmpatino/optimal-observables
threeML/hawc_hal
ramonbrugman/cmsdist
dewloosh/Neumann
a-capra/dockac
graphnet-team/graphnet
dewloosh/SigmaEpsilon
achim1/HErmes
jbossios/ATLAS_CREATE_DOCKER_IMAGE_FOR_KUBEFLOW
rutvij26/React_Projects
iris-hep/analysis-grand-challenge
Rupt/paper-hunting-vampires
Rupt/interval-evidence
IFIF3526/aws-memo-server
richard-lane/4pi_efficiency
marromlam/root-explorer
Zstone19/TempMap
edcuba/TICLPatternReco
jpivarski-talks/2022-07-11-scipy-loopy-tutorial
silvxlabs/DripTorch
umd-lhcb/MuonBDTPid
soleti/DeePID
columnflow/columnflow
hepdataframe/hepdataframe
mfmceneaney/c12gl
hqucms/weaver-core
keaveney/UCT3rdYearLabATLASOpenData2022
shane-breeze/zinv-analysis
MatiXOfficial/pps-diamond-time-measurement
michael24peters/pv-finder_project
GenerelSchwerz/Drone-Prototype-Code
XENONnT/ax_env
dteague/Analysis_Suite
Blizzard57/jet-tagging
keaveney/UCT3rdYearProjectsATLASOpenData
momado350/pattrafic_dash
andrey-popov/ml-jec
bat/batty
shedprog/ParticleNet-LLSTau
raymondEhlers/pybind11-awkward-array-test
raymondEhlers/pyfastjet
agoose77/midas-tape
gordonwatts/layered-edm
gabrielmscampos/pyhepframework
BNLIF/drop
douglasdavis/dask-awkward-demo
hsf-training/hsf_matplotlib_notebooks
adasco2022/act
HenryDayHall/spectraljet
MatthewDKnight/L1EGRates
DryRun/boffea
illinois-mla/phys-398-mla-image
deeplook/streamlit-helpers
Marchela04/Cap4-Matplotlib
GuillermoFidalgo/UPRM-intro-to-python
adminyjqr/ssl-hep
mfmceneaney/hipopy
jkong72/serverless-flask-movie-server
Dario-Maglio/EM-shower-simulator-with-NN
nu-radio/NuRadioMC
philippgadow/phd-thesis
jw9730/hot
dewloosh/dewloosh-solid
dewloosh/dewloosh-geom
dewloosh/dewloosh-math
dewloosh/spdata
sambklein/funnels
MarcoValente/whizard-pythia-delphes
asalzburger/acts
imdinu/tree2npz
scipp-atlas/mapyde
ExoPie/ExoPieAwkwardAnalyzer
bastianatte/vertex-classifier
acts-project/acts
jet-net/JetNet
LBJ-Wade/coffea
XENONnT/WFSim
gordonwatts/xaod_usage
cfangmeier/MilliQanPMTAnalysis
CMS-GNN-Tracking-Hackathon-2021/interaction-network
AxelFoul/my-first-binder
LLR-ILD/cosmics
rkansal47/JetNet-Old
jpivarski-talks/2021-09-13-star-uproot-awkward-tutorial
kratsg/coffea-delphes
Snowmass21-software/analysis-example-python
jdmulligan/JETSCAPE-analysis
fuenfundachtzig/LMU_DA_ML_Basic
scikit-hep/fastjet
DraTeots/trd_rec
gjoseph92/stackstac
masonproffitt/uproot-tutorial-notebooks
Autoencoders-compression-anomaly/Deep-Autoencoders-Data-Compression-GSoC-2021
mihirkatare/DeepMEM
denehoffman/PartialWaveAnalysis
mfmceneaney/Lambda-GNNs
philippgadow/bsm4tops-gnn
belle2/externals
morphoorg/morpho
NadjaLessing/Schuelerkontaktstudium
nikoladze/physlite_experiments
matthewfeickert/pyhep-notebook-talk-example
kratsg/awkward-arrow-cmake-pybind11
agoose77/midas-awkward-tutorial
kdlong/PullsAndImpactsCombinetf
alpakpinar/rebsmearv2
AntokBatchelorMaintainers/antok
AG-Schumann/GeMSE_environment
Mu2e/TrackerAlignment
mit-han-lab/calo-cluster
ademus4/phd-data-analysis
Skagamaster/Python_Pico_Reader
tlprotzman/Python_Pico_Reader
MarcoValente/hh4b_intro
ssl-hep/ServiceX_frontend
kdlong/HitsAndTracksPlotter
ramonbrugman/uproot4
deinal/jec-dnn
anthony-correia/HEA
krilangs/ComPhys---Master
SBNSoftware/sbncode
jpivarski-talks/2021-02-03-pyhep-numba-tutorial
SBNSoftware/sbnana
camendola/ECALtiming
XENONnT/epix
GerhardHarmsen/MADGraph
aminnj/pdroot
raggleton/UHH2-integration
achim1/dactylos
JoranAngevaare/RP2021
alexey-luchinsky/rrF
mieskolainen/icenet
mzgubic/fair-hmumu
HenryDayHall/jetTools
bu-cms/bucoffea
FAST-HEP/scikit-validate
naidoo88/Drifty
lvermunt/MachineLearningHEP_oldFork
Oguzvuruskaner/calorimetry-shower-data-generation
AlexSchuy/hgcal-dev
451488975/Jet_tagging
talnoam/DGCNN-
keaveney/UCTHonoursParticlePhysics
Bryancaraway/ttZ-h_eft
voIatiIe/Zmumu
xdong2ps/InjType
leonoravesterbacka/carl-torch
sophiemiddleton/EventDisplayDevelopment
JOTELLECHEA/neural_networks
AlexSchuy/mass_regression
athring/Higgs_prac_1
sophiemiddleton/StatsTool2021
keaveney/UCTDataScienceInParticlePhysics
TreeMaker/ServiceX-Transformer
SijunXu/EventImage
SnapperML/SnapperML
masonproffitt/uproot_tree_utils
gracecummings/ZpAnomalon_TreeMaker
keaveney/UCT3rdYearLabATLASOpenData
eweik/AwkwardNN
kyungeonchoi/ServiceX_PyROOT_transformer
uc-lhcb/pv-finder
pband1256/GNN_preprocessing
enricozammitlon/GAN4DS
tmitchel/HiggsToTauTau
UCLHp/gate-pbt
dengyijia/SheVotesIllinois
philippwindischhofer/HiggsPivoting
tmitchel/LTau_Analyzers
iris-hep/func_adl_uproot
gordonwatts/ServiceX_tests
dantrim/vmm_testing_software
oshadura/coffea-bench
lukasheinrich/MLHEP-pyprob
scikit-hep/scikit-hep
raymondEhlers/alice-jet-hadron
hepaccelerate/hepaccelerate
hqucms/ParticleNet
smaddrellmander/Machine_learning
nluongo/RootScripts
whatofit/LevelWordWithFreq
ssl-hep/ServiceX_analyzer
ssl-hep/ServiceX_datastream
jkguiang/rare-higgs
FAST-HEP/fast-carpenter
zaitsev136/misc_eic_notebooks
AlexSchuy/hig2zz_FSClasser
SwapneelM/TrackingNtuples
guitargeek/geeksw
cms-sw/cmsdist
artlbv/llr-hgcal-seminar
dguest/mlbnn
Yvonne-Ng/DKLKerasGP
Wouter-VDP/ROOTinPython
lgray/dazsle-hbb-recipes
Islantharos/PythonProject
chnzhangrui/SgTopWorkshop
CoffeaTeam/coffea
pyhf/pyhf-gpsys
